<?xml version="1.0" encoding="UTF-8"?>
<testsuite xmlns:xsi="http://www.w3.org/2001/XMLSchema-instance" xsi:noNamespaceSchemaLocation="https://maven.apache.org/surefire/maven-surefire-plugin/xsd/surefire-test-report-3.0.xsd" version="3.0" name="com.quantcast.CookieLogProcessorTest" time="0.094" tests="15" errors="0" skipped="0" failures="0">
  <properties>
[...]
</properties>
  <testcase name="testFindMostActiveCookies_MissingComma" classname="com.quantcast.CookieLogProcessorTest" time="0.036">
    <system-err><![CDATA[[main] ERROR com.quantcast.CookieLogProcessor - Error parsing line 2: AtY0laUfhglK3lC7 2018-12-09T14:19:00+00:00 - Invalid format: expected 'cookie,timestamp'
]]></system-err>
  </testcase>
  <testcase name="testFindMostActiveCookies_InvalidHeader" classname="com.quantcast.CookieLogProcessorTest" time="0.001"/>
  <testcase name="testFindMostActiveCookies_LargeDataSet" classname="com.quantcast.CookieLogProcessorTest" time="0.02"/>
  <testcase name="testFindMostActiveCookies_CompletelyEmptyFile" classname="com.quantcast.CookieLogProcessorTest" time="0.001"/>
  <testcase name="testFindMostActiveCookies_NoEntriesForDate" classname="com.quantcast.CookieLogProcessorTest" time="0.001"/>
  <testcase name="testFindMostActiveCookies_SingleEntry" classname="com.quantcast.CookieLogProcessorTest" time="0.001"/>
  <testcase name="testFindMostActiveCookie_SingleWinner" classname="com.quantcast.CookieLogProcessorTest" time="0.002"/>
  <testcase name="testFindMostActiveCookies_ExampleFromProblemStatement" classname="com.quantcast.CookieLogProcessorTest" time="0.001"/>
  <testcase name="testFindMostActiveCookies_EmptyFileAfterHeader" classname="com.quantcast.CookieLogProcessorTest" time="0.001"/>
  <testcase name="testFindMostActiveCookies_InvalidTimestampFormat" classname="com.quantcast.CookieLogProcessorTest" time="0.001">
    <system-err><![CDATA[[main] ERROR com.quantcast.CookieLogProcessor - Error parsing line 2: AtY0laUfhglK3lC7,invalid-timestamp - Invalid timestamp format: invalid-timestamp
]]></system-err>
  </testcase>
  <testcase name="testFindMostActiveCookies_SortedOutput" classname="com.quantcast.CookieLogProcessorTest" time="0.001"/>
  <testcase name="testFindMostActiveCookies_AllCookiesSameCount" classname="com.quantcast.CookieLogProcessorTest" time="0.001"/>
  <testcase name="testFindMostActiveCookies_MultipleTiedWinners" classname="com.quantcast.CookieLogProcessorTest" time="0.001"/>
  <testcase name="testFindMostActiveCookies_DifferentTimezones" classname="com.quantcast.CookieLogProcessorTest" time="0.001"/>
  <testcase name="testFindMostActiveCookies_EmptyCookieName" classname="com.quantcast.CookieLogProcessorTest" time="0.001">
    <system-err><![CDATA[[main] ERROR com.quantcast.CookieLogProcessor - Error parsing line 2: ,2018-12-09T14:19:00+00:00 - Cookie name cannot be empty
]]></system-err>
  </testcase>
</testsuite>